[debug] [2024-01-01T14:53:17.343Z] ----------------------------------------------------------------------
[debug] [2024-01-01T14:53:17.345Z] Command:       C:\Program Files\nodejs\node.exe C:\Users\Faizan Diwan\AppData\Roaming\npm\node_modules\firebase-tools\lib\bin\firebase.js init
[debug] [2024-01-01T14:53:17.345Z] CLI Version:   13.0.2
[debug] [2024-01-01T14:53:17.345Z] Platform:      win32
[debug] [2024-01-01T14:53:17.346Z] Node Version:  v18.13.0
[debug] [2024-01-01T14:53:17.346Z] Time:          Mon Jan 01 2024 20:23:17 GMT+0530 (India Standard Time)
[debug] [2024-01-01T14:53:17.346Z] ----------------------------------------------------------------------
[debug] 
[debug] [2024-01-01T14:53:17.352Z] > command requires scopes: ["email","openid","https://www.googleapis.com/auth/cloudplatformprojects.readonly","https://www.googleapis.com/auth/firebase","https://www.googleapis.com/auth/cloud-platform"]
[debug] [2024-01-01T14:53:17.352Z] > authorizing via signed-in user (faizandiwan921@gmail.com)
[info] 
     ######## #### ########  ######## ########     ###     ######  ########
     ##        ##  ##     ## ##       ##     ##  ##   ##  ##       ##
     ######    ##  ########  ######   ########  #########  ######  ######
     ##        ##  ##    ##  ##       ##     ## ##     ##       ## ##
     ##       #### ##     ## ######## ########  ##     ##  ######  ########

You're about to initialize a Firebase project in this directory:

  C:\Hyperlink\reactJS\date

Before we get started, keep in mind:

  * You are currently outside your home directory

[info] 
=== Project Setup
[info] 
[info] First, let's associate this project directory with a Firebase project.
[info] You can create multiple project aliases by running firebase use --add, 
[info] but for now we'll just set up a default project.
[info] 
[debug] [2024-01-01T14:53:58.540Z] >>> [apiv2][query] GET https://firebase.googleapis.com/v1beta1/projects pageSize=100
[debug] [2024-01-01T14:53:59.317Z] <<< [apiv2][status] GET https://firebase.googleapis.com/v1beta1/projects 200
[debug] [2024-01-01T14:53:59.318Z] <<< [apiv2][body] GET https://firebase.googleapis.com/v1beta1/projects [omitted]
[info] i  Using project my-love-37f29 (my-love) 
[info] 
=== Hosting Setup
[debug] [2024-01-01T14:54:10.136Z] >>> [apiv2][query] GET https://firebase.googleapis.com/v1beta1/projects/my-love-37f29 [none]
[debug] [2024-01-01T14:54:10.641Z] <<< [apiv2][status] GET https://firebase.googleapis.com/v1beta1/projects/my-love-37f29 200
[debug] [2024-01-01T14:54:10.641Z] <<< [apiv2][body] GET https://firebase.googleapis.com/v1beta1/projects/my-love-37f29 {"projectId":"my-love-37f29","projectNumber":"407822569144","displayName":"my-love","name":"projects/my-love-37f29","resources":{"hostingSite":"my-love-37f29"},"state":"ACTIVE","etag":"1_f7eb7e17-9dce-492f-bdfb-0753ba06022d"}
[info] 
[info] Your public directory is the folder (relative to your project directory) that
[info] will contain Hosting assets to be uploaded with firebase deploy. If you
[info] have a build process for your assets, use your build's output directory.
[info] 
